<?xml version="1.0" encoding="UTF-8"?>
<testsuite name="ch.uzh.ifi.hase.soprafs26.Soprafs26ApplicationTests" tests="1" skipped="0" failures="0" errors="0" timestamp="2026-03-30T05:56:11.608Z" hostname="DESKTOP-NGV1E6I" time="0.006">
  <properties/>
  <testcase name="contextLoads()" classname="ch.uzh.ifi.hase.soprafs26.Soprafs26ApplicationTests" time="0.006"/>
  <system-out><![CDATA[2026-03-30T07:56:10.761+02:00  INFO 3917 --- [    Test worker] t.c.s.AnnotationConfigContextLoaderUtils : Could not detect default configuration classes for test class [ch.uzh.ifi.hase.soprafs26.Soprafs26ApplicationTests]: Soprafs26ApplicationTests does not declare any static, non-private, non-final, nested classes annotated with @Configuration.
2026-03-30T07:56:10.771+02:00  INFO 3917 --- [    Test worker] .b.t.c.SpringBootTestContextBootstrapper : Found @SpringBootConfiguration ch.uzh.ifi.hase.soprafs26.Application for test class ch.uzh.ifi.hase.soprafs26.Soprafs26ApplicationTests

  .   ____          _            __ _ _
 /\\ / ___'_ __ _ _(_)_ __  __ _ \ \ \ \
( ( )\___ | '_ | '_| | '_ \/ _` | \ \ \ \
 \\/  ___)| |_)| | | | | || (_| |  ) ) ) )
  '  |____| .__|_| |_|_| |_\__, | / / / /
 =========|_|==============|___/=/_/_/_/

 :: Spring Boot ::                (v4.0.0)

2026-03-30T07:56:10.809+02:00  INFO 3917 --- [    Test worker] c.u.i.h.s.Soprafs26ApplicationTests      : Starting Soprafs26ApplicationTests using Java 17.0.13 with PID 3917 (started by dorian in /home/dorian/sopra/guessbb/server/sopra-fs26-group-15-server)
2026-03-30T07:56:10.810+02:00  INFO 3917 --- [    Test worker] c.u.i.h.s.Soprafs26ApplicationTests      : No active profile set, falling back to 1 default profile: "default"
2026-03-30T07:56:11.006+02:00  INFO 3917 --- [    Test worker] .s.d.r.c.RepositoryConfigurationDelegate : Bootstrapping Spring Data JPA repositories in DEFAULT mode.
2026-03-30T07:56:11.020+02:00  INFO 3917 --- [    Test worker] .s.d.r.c.RepositoryConfigurationDelegate : Finished Spring Data repository scanning in 11 ms. Found 1 JPA repository interface.
2026-03-30T07:56:11.167+02:00  INFO 3917 --- [    Test worker] com.zaxxer.hikari.HikariDataSource       : HikariPool-2 - Starting...
2026-03-30T07:56:11.169+02:00  INFO 3917 --- [    Test worker] com.zaxxer.hikari.pool.HikariPool        : HikariPool-2 - Added connection conn17: url=jdbc:h2:mem:testdb user=SA
2026-03-30T07:56:11.169+02:00  INFO 3917 --- [    Test worker] com.zaxxer.hikari.HikariDataSource       : HikariPool-2 - Start completed.
2026-03-30T07:56:11.171+02:00  INFO 3917 --- [    Test worker] o.hibernate.jpa.internal.util.LogHelper  : HHH000204: Processing PersistenceUnitInfo [name: default]
2026-03-30T07:56:11.195+02:00  INFO 3917 --- [    Test worker] o.s.o.j.p.SpringPersistenceUnitInfo      : No LoadTimeWeaver setup: ignoring JPA class transformer
2026-03-30T07:56:11.197+02:00  WARN 3917 --- [    Test worker] org.hibernate.orm.deprecation            : HHH90000025: H2Dialect does not need to be specified explicitly using 'hibernate.dialect' (remove the property setting and it will be selected by default)
2026-03-30T07:56:11.198+02:00  INFO 3917 --- [    Test worker] org.hibernate.orm.connections.pooling    : HHH10001005: Database info:
	Database JDBC URL [jdbc:h2:mem:testdb]
	Database driver: H2 JDBC Driver
	Database dialect: H2Dialect
	Database version: 2.4.240
	Default catalog/schema: TESTDB/PUBLIC
	Autocommit mode: undefined/unknown
	Isolation level: READ_COMMITTED [default READ_COMMITTED]
	JDBC fetch size: 100
	Pool: DatasourceConnectionProviderImpl
	Minimum pool size: undefined/unknown
	Maximum pool size: undefined/unknown
2026-03-30T07:56:11.257+02:00  INFO 3917 --- [    Test worker] o.h.e.t.j.p.i.JtaPlatformInitiator       : HHH000489: No JTA platform available (set 'hibernate.transaction.jta.platform' to enable JTA platform integration)
2026-03-30T07:56:11.273+02:00  INFO 3917 --- [    Test worker] j.LocalContainerEntityManagerFactoryBean : Initialized JPA EntityManagerFactory for persistence unit 'default'
2026-03-30T07:56:11.410+02:00  WARN 3917 --- [    Test worker] JpaBaseConfiguration$JpaWebConfiguration : spring.jpa.open-in-view is enabled by default. Therefore, database queries may be performed during view rendering. Explicitly configure spring.jpa.open-in-view to disable this warning
2026-03-30T07:56:11.562+02:00  INFO 3917 --- [    Test worker] o.s.b.h.a.H2ConsoleAutoConfiguration     : H2 console available at '/h2-console'. Database available at 'jdbc:h2:mem:testdb'
2026-03-30T07:56:11.597+02:00  INFO 3917 --- [    Test worker] o.s.m.s.b.SimpleBrokerMessageHandler     : Starting...
2026-03-30T07:56:11.598+02:00  INFO 3917 --- [    Test worker] o.s.m.s.b.SimpleBrokerMessageHandler     : BrokerAvailabilityEvent[available=true, SimpleBrokerMessageHandler [org.springframework.messaging.simp.broker.DefaultSubscriptionRegistry@31fd7fe1]]
2026-03-30T07:56:11.598+02:00  INFO 3917 --- [    Test worker] o.s.m.s.b.SimpleBrokerMessageHandler     : Started.
2026-03-30T07:56:11.603+02:00  INFO 3917 --- [    Test worker] c.u.i.h.s.Soprafs26ApplicationTests      : Started Soprafs26ApplicationTests in 0.827 seconds (process running for 16.59)
2026-03-30T07:56:11.615+02:00  INFO 3917 --- [    Test worker] o.s.m.s.b.SimpleBrokerMessageHandler     : Stopping...
2026-03-30T07:56:11.617+02:00  INFO 3917 --- [    Test worker] o.s.m.s.b.SimpleBrokerMessageHandler     : BrokerAvailabilityEvent[available=false, SimpleBrokerMessageHandler [org.springframework.messaging.simp.broker.DefaultSubscriptionRegistry@31fd7fe1]]
2026-03-30T07:56:11.617+02:00  INFO 3917 --- [    Test worker] o.s.m.s.b.SimpleBrokerMessageHandler     : Stopped.
]]></system-out>
  <system-err><![CDATA[]]></system-err>
</testsuite>
