<?xml version="1.0" encoding="UTF-8"?>
<testsuite name="ch.uzh.ifi.hase.soprafs26.Soprafs26ApplicationTests" tests="1" skipped="0" failures="0" errors="0" timestamp="2026-03-30T09:25:44.097Z" hostname="DESKTOP-NGV1E6I" time="0.541">
  <properties/>
  <testcase name="contextLoads()" classname="ch.uzh.ifi.hase.soprafs26.Soprafs26ApplicationTests" time="0.541"/>
  <system-out><![CDATA[11:25:33.049 [Test worker] INFO org.springframework.test.context.support.AnnotationConfigContextLoaderUtils -- Could not detect default configuration classes for test class [ch.uzh.ifi.hase.soprafs26.Soprafs26ApplicationTests]: Soprafs26ApplicationTests does not declare any static, non-private, non-final, nested classes annotated with @Configuration.
11:25:33.354 [Test worker] INFO org.springframework.boot.test.context.SpringBootTestContextBootstrapper -- Found @SpringBootConfiguration ch.uzh.ifi.hase.soprafs26.Application for test class ch.uzh.ifi.hase.soprafs26.Soprafs26ApplicationTests

  .   ____          _            __ _ _
 /\\ / ___'_ __ _ _(_)_ __  __ _ \ \ \ \
( ( )\___ | '_ | '_| | '_ \/ _` | \ \ \ \
 \\/  ___)| |_)| | | | | || (_| |  ) ) ) )
  '  |____| .__|_| |_|_| |_\__, | / / / /
 =========|_|==============|___/=/_/_/_/

 :: Spring Boot ::                (v4.0.0)

2026-03-30T11:25:34.565+02:00  INFO 13356 --- [    Test worker] c.u.i.h.s.Soprafs26ApplicationTests      : Starting Soprafs26ApplicationTests using Java 17.0.15 with PID 13356 (started by dorian in /home/dorian/sopra/guessbb/server/sopra-fs26-group-15-server)
2026-03-30T11:25:34.573+02:00  INFO 13356 --- [    Test worker] c.u.i.h.s.Soprafs26ApplicationTests      : No active profile set, falling back to 1 default profile: "default"
2026-03-30T11:25:36.306+02:00  INFO 13356 --- [    Test worker] .s.d.r.c.RepositoryConfigurationDelegate : Bootstrapping Spring Data JPA repositories in DEFAULT mode.
2026-03-30T11:25:36.658+02:00  INFO 13356 --- [    Test worker] .s.d.r.c.RepositoryConfigurationDelegate : Finished Spring Data repository scanning in 331 ms. Found 1 JPA repository interface.
2026-03-30T11:25:37.582+02:00  INFO 13356 --- [    Test worker] com.zaxxer.hikari.HikariDataSource       : HikariPool-1 - Starting...
2026-03-30T11:25:38.171+02:00  INFO 13356 --- [    Test worker] com.zaxxer.hikari.pool.HikariPool        : HikariPool-1 - Added connection conn0: url=jdbc:h2:mem:testdb user=SA
2026-03-30T11:25:38.175+02:00  INFO 13356 --- [    Test worker] com.zaxxer.hikari.HikariDataSource       : HikariPool-1 - Start completed.
2026-03-30T11:25:38.270+02:00  INFO 13356 --- [    Test worker] o.hibernate.jpa.internal.util.LogHelper  : HHH000204: Processing PersistenceUnitInfo [name: default]
2026-03-30T11:25:38.395+02:00  INFO 13356 --- [    Test worker] org.hibernate.Version                    : HHH000412: Hibernate ORM core version 7.1.8.Final
2026-03-30T11:25:39.503+02:00  INFO 13356 --- [    Test worker] o.s.o.j.p.SpringPersistenceUnitInfo      : No LoadTimeWeaver setup: ignoring JPA class transformer
2026-03-30T11:25:39.696+02:00  WARN 13356 --- [    Test worker] org.hibernate.orm.deprecation            : HHH90000025: H2Dialect does not need to be specified explicitly using 'hibernate.dialect' (remove the property setting and it will be selected by default)
2026-03-30T11:25:39.743+02:00  INFO 13356 --- [    Test worker] org.hibernate.orm.connections.pooling    : HHH10001005: Database info:
	Database JDBC URL [jdbc:h2:mem:testdb]
	Database driver: H2 JDBC Driver
	Database dialect: H2Dialect
	Database version: 2.4.240
	Default catalog/schema: TESTDB/PUBLIC
	Autocommit mode: undefined/unknown
	Isolation level: READ_COMMITTED [default READ_COMMITTED]
	JDBC fetch size: 100
	Pool: DatasourceConnectionProviderImpl
	Minimum pool size: undefined/unknown
	Maximum pool size: undefined/unknown
2026-03-30T11:25:42.208+02:00  INFO 13356 --- [    Test worker] o.h.e.t.j.p.i.JtaPlatformInitiator       : HHH000489: No JTA platform available (set 'hibernate.transaction.jta.platform' to enable JTA platform integration)
2026-03-30T11:25:42.286+02:00  INFO 13356 --- [    Test worker] j.LocalContainerEntityManagerFactoryBean : Initialized JPA EntityManagerFactory for persistence unit 'default'
2026-03-30T11:25:42.466+02:00  INFO 13356 --- [    Test worker] o.s.d.j.r.query.QueryEnhancerFactories   : Hibernate is in classpath; If applicable, HQL parser will be used.
2026-03-30T11:25:43.217+02:00  WARN 13356 --- [    Test worker] JpaBaseConfiguration$JpaWebConfiguration : spring.jpa.open-in-view is enabled by default. Therefore, database queries may be performed during view rendering. Explicitly configure spring.jpa.open-in-view to disable this warning
2026-03-30T11:25:43.831+02:00  INFO 13356 --- [    Test worker] o.s.b.h.a.H2ConsoleAutoConfiguration     : H2 console available at '/h2-console'. Database available at 'jdbc:h2:mem:testdb'
2026-03-30T11:25:44.051+02:00  INFO 13356 --- [    Test worker] o.s.m.s.b.SimpleBrokerMessageHandler     : Starting...
2026-03-30T11:25:44.053+02:00  INFO 13356 --- [    Test worker] o.s.m.s.b.SimpleBrokerMessageHandler     : BrokerAvailabilityEvent[available=true, SimpleBrokerMessageHandler [org.springframework.messaging.simp.broker.DefaultSubscriptionRegistry@6999e04d]]
2026-03-30T11:25:44.054+02:00  INFO 13356 --- [    Test worker] o.s.m.s.b.SimpleBrokerMessageHandler     : Started.
2026-03-30T11:25:44.070+02:00  INFO 13356 --- [    Test worker] c.u.i.h.s.Soprafs26ApplicationTests      : Started Soprafs26ApplicationTests in 10.251 seconds (process running for 13.968)
2026-03-30T11:25:44.646+02:00  INFO 13356 --- [    Test worker] o.s.m.s.b.SimpleBrokerMessageHandler     : Stopping...
2026-03-30T11:25:44.646+02:00  INFO 13356 --- [    Test worker] o.s.m.s.b.SimpleBrokerMessageHandler     : BrokerAvailabilityEvent[available=false, SimpleBrokerMessageHandler [org.springframework.messaging.simp.broker.DefaultSubscriptionRegistry@6999e04d]]
2026-03-30T11:25:44.646+02:00  INFO 13356 --- [    Test worker] o.s.m.s.b.SimpleBrokerMessageHandler     : Stopped.
]]></system-out>
  <system-err><![CDATA[]]></system-err>
</testsuite>
