<?xml version="1.0" encoding="UTF-8"?>
<testsuite name="ch.uzh.ifi.hase.soprafs26.rest.mapper.DTOMapperTest" tests="2" skipped="0" failures="0" errors="0" timestamp="2026-03-30T09:25:48.539Z" hostname="DESKTOP-NGV1E6I" time="0.021">
  <properties/>
  <testcase name="testCreateUser_fromUserPostDTO_toUser_success()" classname="ch.uzh.ifi.hase.soprafs26.rest.mapper.DTOMapperTest" time="0.02"/>
  <testcase name="testGetUser_fromUser_toUserGetDTO_success()" classname="ch.uzh.ifi.hase.soprafs26.rest.mapper.DTOMapperTest" time="0.001"/>
  <system-out><![CDATA[]]></system-out>
  <system-err><![CDATA[]]></system-err>
</testsuite>
