<?xml version="1.0" encoding="UTF-8"?>
<testsuite name="ch.uzh.ifi.hase.soprafs26.service.UserServiceTest" tests="3" skipped="0" failures="1" errors="0" timestamp="2026-03-30T13:30:02.751Z" hostname="DESKTOP-NGV1E6I" time="0.398">
  <properties/>
  <testcase name="createUser_validInputs_success()" classname="ch.uzh.ifi.hase.soprafs26.service.UserServiceTest" time="0.384"/>
  <testcase name="createUser_duplicateName_throwsException()" classname="ch.uzh.ifi.hase.soprafs26.service.UserServiceTest" time="0.009">
    <failure message="org.opentest4j.AssertionFailedError: Expected org.springframework.web.server.ResponseStatusException to be thrown, but nothing was thrown." type="org.opentest4j.AssertionFailedError">org.opentest4j.AssertionFailedError: Expected org.springframework.web.server.ResponseStatusException to be thrown, but nothing was thrown.
	at app//org.junit.jupiter.api.AssertionFailureBuilder.build(AssertionFailureBuilder.java:159)
	at app//org.junit.jupiter.api.AssertThrows.assertThrows(AssertThrows.java:74)
	at app//org.junit.jupiter.api.AssertThrows.assertThrows(AssertThrows.java:35)
	at app//org.junit.jupiter.api.Assertions.assertThrows(Assertions.java:3223)
	at app//ch.uzh.ifi.hase.soprafs26.service.UserServiceTest.createUser_duplicateName_throwsException(UserServiceTest.java:66)
</failure>
  </testcase>
  <testcase name="createUser_duplicateInputs_throwsException()" classname="ch.uzh.ifi.hase.soprafs26.service.UserServiceTest" time="0.004"/>
  <system-out><![CDATA[]]></system-out>
  <system-err><![CDATA[]]></system-err>
</testsuite>
